<?xml version="1.0" encoding="UTF-8"?>
<!-- Generated by org.testng.reporters.JUnitXMLReporter -->
<testsuite hostname="Naveen-Mac.local" ignored="0" name="hub spot Sanity Test" tests="5" failures="0" timestamp="29 Aug 2019 01:32:30 GMT" time="63.177" errors="0">
  <testcase name="loginTest" time="7.792" classname="com.qa.hubspot.tests.LoginTest"/>
  <testcase name="verifyHomePageTitleTest" time="0.013" classname="com.qa.hubspot.tests.HomePageTest"/>
  <testcase name="loginPageTitleTest" time="4.561" classname="com.qa.hubspot.tests.LoginTest"/>
  <testcase name="verifyHomePageHeaderTest" time="0.472" classname="com.qa.hubspot.tests.HomePageTest"/>
  <testcase name="verifyLoggedInUserAccountTest" time="0.927" classname="com.qa.hubspot.tests.HomePageTest"/>
</testsuite> <!-- hub spot Sanity Test -->
