<?xml version="1.0" encoding="UTF-8"?>
<testng-results skipped="0" failed="0" ignored="0" total="1" passed="1">
  <reporter-output>
  </reporter-output>
  <suite name="Default suite" duration-ms="12429" started-at="2019-08-30T01:49:10Z" finished-at="2019-08-30T01:49:23Z">
    <groups>
    </groups>
    <test name="Default test" duration-ms="12429" started-at="2019-08-30T01:49:10Z" finished-at="2019-08-30T01:49:23Z">
      <class name="com.qa.hubspot.tests.LoginPFTest">
        <test-method status="PASS" signature="setUp()[pri:0, instance:com.qa.hubspot.tests.LoginPFTest@7cd62f43]" name="setUp" is-config="true" duration-ms="6210" started-at="2019-08-30T01:49:10Z" finished-at="2019-08-30T01:49:16Z">
          <reporter-output>
          </reporter-output>
        </test-method> <!-- setUp -->
        <test-method status="PASS" signature="loginTest()[pri:0, instance:com.qa.hubspot.tests.LoginPFTest@7cd62f43]" name="loginTest" duration-ms="5413" started-at="2019-08-30T01:49:16Z" finished-at="2019-08-30T01:49:22Z">
          <reporter-output>
          </reporter-output>
        </test-method> <!-- loginTest -->
        <test-method status="PASS" signature="tearDown()[pri:0, instance:com.qa.hubspot.tests.LoginPFTest@7cd62f43]" name="tearDown" is-config="true" duration-ms="778" started-at="2019-08-30T01:49:22Z" finished-at="2019-08-30T01:49:23Z">
          <reporter-output>
          </reporter-output>
        </test-method> <!-- tearDown -->
      </class> <!-- com.qa.hubspot.tests.LoginPFTest -->
    </test> <!-- Default test -->
  </suite> <!-- Default suite -->
</testng-results>
